/!\ FAILSAFE /!\  Wed Jul 21 23:01:11 -0300 2010
  Status: 500 Internal Server Error
  Access denied for user 'root'@'localhost' (using password: NO)
    c:/ruby/lib/ruby/gems/1.8/gems/activerecord-2.3.8/lib/active_record/connection_adapters/mysql_adapter.rb:619:in `real_connect'
    c:/ruby/lib/ruby/gems/1.8/gems/activerecord-2.3.8/lib/active_record/connection_adapters/mysql_adapter.rb:619:in `connect'
    c:/ruby/lib/ruby/gems/1.8/gems/activerecord-2.3.8/lib/active_record/connection_adapters/mysql_adapter.rb:203:in `initialize'
    c:/ruby/lib/ruby/gems/1.8/gems/activerecord-2.3.8/lib/active_record/connection_adapters/mysql_adapter.rb:75:in `new'
    c:/ruby/lib/ruby/gems/1.8/gems/activerecord-2.3.8/lib/active_record/connection_adapters/mysql_adapter.rb:75:in `mysql_connection'
    c:/ruby/lib/ruby/gems/1.8/gems/activerecord-2.3.8/lib/active_record/connection_adapters/abstract/connection_pool.rb:223:in `send'
    c:/ruby/lib/ruby/gems/1.8/gems/activerecord-2.3.8/lib/active_record/connection_adapters/abstract/connection_pool.rb:223:in `new_connection'
    c:/ruby/lib/ruby/gems/1.8/gems/activerecord-2.3.8/lib/active_record/connection_adapters/abstract/connection_pool.rb:245:in `checkout_new_connection'
    c:/ruby/lib/ruby/gems/1.8/gems/activerecord-2.3.8/lib/active_record/connection_adapters/abstract/connection_pool.rb:188:in `checkout'
    c:/ruby/lib/ruby/gems/1.8/gems/activerecord-2.3.8/lib/active_record/connection_adapters/abstract/connection_pool.rb:184:in `loop'
    c:/ruby/lib/ruby/gems/1.8/gems/activerecord-2.3.8/lib/active_record/connection_adapters/abstract/connection_pool.rb:184:in `checkout'
    c:/ruby/lib/ruby/1.8/monitor.rb:242:in `synchronize'
    c:/ruby/lib/ruby/gems/1.8/gems/activerecord-2.3.8/lib/active_record/connection_adapters/abstract/connection_pool.rb:183:in `checkout'
    c:/ruby/lib/ruby/gems/1.8/gems/activerecord-2.3.8/lib/active_record/connection_adapters/abstract/connection_pool.rb:98:in `connection'
    c:/ruby/lib/ruby/gems/1.8/gems/activerecord-2.3.8/lib/active_record/connection_adapters/abstract/connection_pool.rb:326:in `retrieve_connection'
    c:/ruby/lib/ruby/gems/1.8/gems/activerecord-2.3.8/lib/active_record/connection_adapters/abstract/connection_specification.rb:123:in `retrieve_connection'
    c:/ruby/lib/ruby/gems/1.8/gems/activerecord-2.3.8/lib/active_record/connection_adapters/abstract/connection_specification.rb:115:in `connection'
    c:/ruby/lib/ruby/gems/1.8/gems/activerecord-2.3.8/lib/active_record/query_cache.rb:9:in `cache'
    c:/ruby/lib/ruby/gems/1.8/gems/activerecord-2.3.8/lib/active_record/query_cache.rb:28:in `call'
    c:/ruby/lib/ruby/gems/1.8/gems/activerecord-2.3.8/lib/active_record/connection_adapters/abstract/connection_pool.rb:361:in `call'
    c:/ruby/lib/ruby/gems/1.8/gems/actionpack-2.3.8/lib/action_controller/string_coercion.rb:25:in `call'
    c:/ruby/lib/ruby/gems/1.8/gems/rack-1.1.0/lib/rack/head.rb:9:in `call'
    c:/ruby/lib/ruby/gems/1.8/gems/rack-1.1.0/lib/rack/methodoverride.rb:24:in `call'
    c:/ruby/lib/ruby/gems/1.8/gems/actionpack-2.3.8/lib/action_controller/params_parser.rb:15:in `call'
    c:/ruby/lib/ruby/gems/1.8/gems/actionpack-2.3.8/lib/action_controller/session/cookie_store.rb:99:in `call'
    c:/ruby/lib/ruby/gems/1.8/gems/actionpack-2.3.8/lib/action_controller/failsafe.rb:26:in `call'
    c:/ruby/lib/ruby/gems/1.8/gems/rack-1.1.0/lib/rack/lock.rb:11:in `call'
    c:/ruby/lib/ruby/gems/1.8/gems/rack-1.1.0/lib/rack/lock.rb:11:in `synchronize'
    c:/ruby/lib/ruby/gems/1.8/gems/rack-1.1.0/lib/rack/lock.rb:11:in `call'
    c:/ruby/lib/ruby/gems/1.8/gems/actionpack-2.3.8/lib/action_controller/dispatcher.rb:114:in `call'
    c:/ruby/lib/ruby/gems/1.8/gems/actionpack-2.3.8/lib/action_controller/reloader.rb:34:in `run'
    c:/ruby/lib/ruby/gems/1.8/gems/actionpack-2.3.8/lib/action_controller/dispatcher.rb:108:in `call'
    c:/ruby/lib/ruby/gems/1.8/gems/rails-2.3.8/lib/rails/rack/static.rb:31:in `call'
    c:/ruby/lib/ruby/gems/1.8/gems/rack-1.1.0/lib/rack/urlmap.rb:47:in `call'
    c:/ruby/lib/ruby/gems/1.8/gems/rack-1.1.0/lib/rack/urlmap.rb:41:in `each'
    c:/ruby/lib/ruby/gems/1.8/gems/rack-1.1.0/lib/rack/urlmap.rb:41:in `call'
    c:/ruby/lib/ruby/gems/1.8/gems/rails-2.3.8/lib/rails/rack/log_tailer.rb:17:in `call'
    c:/ruby/lib/ruby/gems/1.8/gems/rack-1.1.0/lib/rack/content_length.rb:13:in `call'
    c:/ruby/lib/ruby/gems/1.8/gems/rack-1.1.0/lib/rack/chunked.rb:15:in `call'
    c:/ruby/lib/ruby/gems/1.8/gems/rack-1.1.0/lib/rack/handler/mongrel.rb:67:in `process'
    c:/ruby/lib/ruby/gems/1.8/gems/mongrel-1.1.5-x86-mswin32-60/lib/mongrel.rb:159:in `process_client'
    c:/ruby/lib/ruby/gems/1.8/gems/mongrel-1.1.5-x86-mswin32-60/lib/mongrel.rb:158:in `each'
    c:/ruby/lib/ruby/gems/1.8/gems/mongrel-1.1.5-x86-mswin32-60/lib/mongrel.rb:158:in `process_client'
    c:/ruby/lib/ruby/gems/1.8/gems/mongrel-1.1.5-x86-mswin32-60/lib/mongrel.rb:285:in `run'
    c:/ruby/lib/ruby/gems/1.8/gems/mongrel-1.1.5-x86-mswin32-60/lib/mongrel.rb:285:in `initialize'
    c:/ruby/lib/ruby/gems/1.8/gems/mongrel-1.1.5-x86-mswin32-60/lib/mongrel.rb:285:in `new'
    c:/ruby/lib/ruby/gems/1.8/gems/mongrel-1.1.5-x86-mswin32-60/lib/mongrel.rb:285:in `run'
    c:/ruby/lib/ruby/gems/1.8/gems/mongrel-1.1.5-x86-mswin32-60/lib/mongrel.rb:268:in `initialize'
    c:/ruby/lib/ruby/gems/1.8/gems/mongrel-1.1.5-x86-mswin32-60/lib/mongrel.rb:268:in `new'
    c:/ruby/lib/ruby/gems/1.8/gems/mongrel-1.1.5-x86-mswin32-60/lib/mongrel.rb:268:in `run'
    c:/ruby/lib/ruby/gems/1.8/gems/rack-1.1.0/lib/rack/handler/mongrel.rb:38:in `run'
    c:/ruby/lib/ruby/gems/1.8/gems/rails-2.3.8/lib/commands/server.rb:111
    c:/ruby/lib/ruby/site_ruby/1.8/rubygems/custom_require.rb:31:in `gem_original_require'
    c:/ruby/lib/ruby/site_ruby/1.8/rubygems/custom_require.rb:31:in `require'
    ./script/server:3
    -e:2:in `load'
    -e:2
  [4;36;1mSQL (0.0ms)[0m   [0;1mSET NAMES 'utf8'[0m
  [4;35;1mSQL (0.0ms)[0m   [0mSET SQL_AUTO_IS_NULL=0[0m
  [4;36;1mSQL (0.0ms)[0m   [0;1mSHOW TABLES[0m
  [4;35;1mSQL (94.0ms)[0m   [0mCREATE TABLE `schema_migrations` (`version` varchar(255) NOT NULL) ENGINE=InnoDB[0m
  [4;36;1mSQL (0.0ms)[0m   [0;1mSHOW KEYS FROM `schema_migrations`[0m
  [4;35;1mSQL (47.0ms)[0m   [0mCREATE UNIQUE INDEX `unique_schema_migrations` ON `schema_migrations` (`version`)[0m
  [4;36;1mSQL (0.0ms)[0m   [0;1mSHOW TABLES[0m
  [4;35;1mSQL (0.0ms)[0m   [0mSHOW TABLES[0m
  [4;36;1mSQL (16.0ms)[0m   [0;1mSELECT version FROM schema_migrations[0m
  [4;35;1mSQL (0.0ms)[0m   [0mSHOW TABLES[0m
/!\ FAILSAFE /!\  Wed Jul 21 23:08:10 -0300 2010
  Status: 500 Internal Server Error
  Access denied for user 'root'@'localhost' (using password: NO)
    c:/ruby/lib/ruby/gems/1.8/gems/activerecord-2.3.8/lib/active_record/connection_adapters/mysql_adapter.rb:619:in `real_connect'
    c:/ruby/lib/ruby/gems/1.8/gems/activerecord-2.3.8/lib/active_record/connection_adapters/mysql_adapter.rb:619:in `connect'
    c:/ruby/lib/ruby/gems/1.8/gems/activerecord-2.3.8/lib/active_record/connection_adapters/mysql_adapter.rb:203:in `initialize'
    c:/ruby/lib/ruby/gems/1.8/gems/activerecord-2.3.8/lib/active_record/connection_adapters/mysql_adapter.rb:75:in `new'
    c:/ruby/lib/ruby/gems/1.8/gems/activerecord-2.3.8/lib/active_record/connection_adapters/mysql_adapter.rb:75:in `mysql_connection'
    c:/ruby/lib/ruby/gems/1.8/gems/activerecord-2.3.8/lib/active_record/connection_adapters/abstract/connection_pool.rb:223:in `send'
    c:/ruby/lib/ruby/gems/1.8/gems/activerecord-2.3.8/lib/active_record/connection_adapters/abstract/connection_pool.rb:223:in `new_connection'
    c:/ruby/lib/ruby/gems/1.8/gems/activerecord-2.3.8/lib/active_record/connection_adapters/abstract/connection_pool.rb:245:in `checkout_new_connection'
    c:/ruby/lib/ruby/gems/1.8/gems/activerecord-2.3.8/lib/active_record/connection_adapters/abstract/connection_pool.rb:188:in `checkout'
    c:/ruby/lib/ruby/gems/1.8/gems/activerecord-2.3.8/lib/active_record/connection_adapters/abstract/connection_pool.rb:184:in `loop'
    c:/ruby/lib/ruby/gems/1.8/gems/activerecord-2.3.8/lib/active_record/connection_adapters/abstract/connection_pool.rb:184:in `checkout'
    c:/ruby/lib/ruby/1.8/monitor.rb:242:in `synchronize'
    c:/ruby/lib/ruby/gems/1.8/gems/activerecord-2.3.8/lib/active_record/connection_adapters/abstract/connection_pool.rb:183:in `checkout'
    c:/ruby/lib/ruby/gems/1.8/gems/activerecord-2.3.8/lib/active_record/connection_adapters/abstract/connection_pool.rb:98:in `connection'
    c:/ruby/lib/ruby/gems/1.8/gems/activerecord-2.3.8/lib/active_record/connection_adapters/abstract/connection_pool.rb:326:in `retrieve_connection'
    c:/ruby/lib/ruby/gems/1.8/gems/activerecord-2.3.8/lib/active_record/connection_adapters/abstract/connection_specification.rb:123:in `retrieve_connection'
    c:/ruby/lib/ruby/gems/1.8/gems/activerecord-2.3.8/lib/active_record/connection_adapters/abstract/connection_specification.rb:115:in `connection'
    c:/ruby/lib/ruby/gems/1.8/gems/activerecord-2.3.8/lib/active_record/query_cache.rb:9:in `cache'
    c:/ruby/lib/ruby/gems/1.8/gems/activerecord-2.3.8/lib/active_record/query_cache.rb:28:in `call'
    c:/ruby/lib/ruby/gems/1.8/gems/activerecord-2.3.8/lib/active_record/connection_adapters/abstract/connection_pool.rb:361:in `call'
    c:/ruby/lib/ruby/gems/1.8/gems/actionpack-2.3.8/lib/action_controller/string_coercion.rb:25:in `call'
    c:/ruby/lib/ruby/gems/1.8/gems/rack-1.1.0/lib/rack/head.rb:9:in `call'
    c:/ruby/lib/ruby/gems/1.8/gems/rack-1.1.0/lib/rack/methodoverride.rb:24:in `call'
    c:/ruby/lib/ruby/gems/1.8/gems/actionpack-2.3.8/lib/action_controller/params_parser.rb:15:in `call'
    c:/ruby/lib/ruby/gems/1.8/gems/actionpack-2.3.8/lib/action_controller/session/cookie_store.rb:99:in `call'
    c:/ruby/lib/ruby/gems/1.8/gems/actionpack-2.3.8/lib/action_controller/failsafe.rb:26:in `call'
    c:/ruby/lib/ruby/gems/1.8/gems/rack-1.1.0/lib/rack/lock.rb:11:in `call'
    c:/ruby/lib/ruby/gems/1.8/gems/rack-1.1.0/lib/rack/lock.rb:11:in `synchronize'
    c:/ruby/lib/ruby/gems/1.8/gems/rack-1.1.0/lib/rack/lock.rb:11:in `call'
    c:/ruby/lib/ruby/gems/1.8/gems/actionpack-2.3.8/lib/action_controller/dispatcher.rb:114:in `call'
    c:/ruby/lib/ruby/gems/1.8/gems/actionpack-2.3.8/lib/action_controller/reloader.rb:34:in `run'
    c:/ruby/lib/ruby/gems/1.8/gems/actionpack-2.3.8/lib/action_controller/dispatcher.rb:108:in `call'
    c:/ruby/lib/ruby/gems/1.8/gems/rails-2.3.8/lib/rails/rack/static.rb:31:in `call'
    c:/ruby/lib/ruby/gems/1.8/gems/rack-1.1.0/lib/rack/urlmap.rb:47:in `call'
    c:/ruby/lib/ruby/gems/1.8/gems/rack-1.1.0/lib/rack/urlmap.rb:41:in `each'
    c:/ruby/lib/ruby/gems/1.8/gems/rack-1.1.0/lib/rack/urlmap.rb:41:in `call'
    c:/ruby/lib/ruby/gems/1.8/gems/rails-2.3.8/lib/rails/rack/log_tailer.rb:17:in `call'
    c:/ruby/lib/ruby/gems/1.8/gems/rack-1.1.0/lib/rack/content_length.rb:13:in `call'
    c:/ruby/lib/ruby/gems/1.8/gems/rack-1.1.0/lib/rack/chunked.rb:15:in `call'
    c:/ruby/lib/ruby/gems/1.8/gems/rack-1.1.0/lib/rack/handler/mongrel.rb:67:in `process'
    c:/ruby/lib/ruby/gems/1.8/gems/mongrel-1.1.5-x86-mswin32-60/lib/mongrel.rb:159:in `process_client'
    c:/ruby/lib/ruby/gems/1.8/gems/mongrel-1.1.5-x86-mswin32-60/lib/mongrel.rb:158:in `each'
    c:/ruby/lib/ruby/gems/1.8/gems/mongrel-1.1.5-x86-mswin32-60/lib/mongrel.rb:158:in `process_client'
    c:/ruby/lib/ruby/gems/1.8/gems/mongrel-1.1.5-x86-mswin32-60/lib/mongrel.rb:285:in `run'
    c:/ruby/lib/ruby/gems/1.8/gems/mongrel-1.1.5-x86-mswin32-60/lib/mongrel.rb:285:in `initialize'
    c:/ruby/lib/ruby/gems/1.8/gems/mongrel-1.1.5-x86-mswin32-60/lib/mongrel.rb:285:in `new'
    c:/ruby/lib/ruby/gems/1.8/gems/mongrel-1.1.5-x86-mswin32-60/lib/mongrel.rb:285:in `run'
    c:/ruby/lib/ruby/gems/1.8/gems/mongrel-1.1.5-x86-mswin32-60/lib/mongrel.rb:268:in `initialize'
    c:/ruby/lib/ruby/gems/1.8/gems/mongrel-1.1.5-x86-mswin32-60/lib/mongrel.rb:268:in `new'
    c:/ruby/lib/ruby/gems/1.8/gems/mongrel-1.1.5-x86-mswin32-60/lib/mongrel.rb:268:in `run'
    c:/ruby/lib/ruby/gems/1.8/gems/rack-1.1.0/lib/rack/handler/mongrel.rb:38:in `run'
    c:/ruby/lib/ruby/gems/1.8/gems/rails-2.3.8/lib/commands/server.rb:111
    c:/ruby/lib/ruby/site_ruby/1.8/rubygems/custom_require.rb:31:in `gem_original_require'
    c:/ruby/lib/ruby/site_ruby/1.8/rubygems/custom_require.rb:31:in `require'
    ./script/server:3
    -e:2:in `load'
    -e:2
  [4;36;1mSQL (0.0ms)[0m   [0;1mSET NAMES 'utf8'[0m
  [4;35;1mSQL (0.0ms)[0m   [0mSET SQL_AUTO_IS_NULL=0[0m


Processing Rails::InfoController#properties (for 127.0.0.1 at 2010-07-21 23:13:09) [GET]
  [4;36;1mSQL (0.0ms)[0m   [0;1mSHOW TABLES[0m
  [4;35;1mSQL (0.0ms)[0m   [0mSELECT version FROM schema_migrations[0m
Completed in 203ms (View: 31, DB: 0) | 200 OK [http://127.0.0.1/rails/info/properties]
  [4;36;1mSQL (0.0ms)[0m   [0;1mSET NAMES 'utf8'[0m
  [4;35;1mSQL (0.0ms)[0m   [0mSET SQL_AUTO_IS_NULL=0[0m


Processing Rails::InfoController#properties (for 127.0.0.1 at 2010-07-21 23:15:24) [GET]
  [4;36;1mSQL (0.0ms)[0m   [0;1mSHOW TABLES[0m
  [4;35;1mSQL (0.0ms)[0m   [0mSELECT version FROM schema_migrations[0m
Completed in 187ms (View: 15, DB: 0) | 200 OK [http://127.0.0.1/rails/info/properties]
  [4;36;1mSQL (0.0ms)[0m   [0;1mSET NAMES 'utf8'[0m
  [4;35;1mSQL (0.0ms)[0m   [0mSET SQL_AUTO_IS_NULL=0[0m


Processing ProductsController#index (for 127.0.0.1 at 2010-07-22 01:57:57) [GET]
  [4;36;1mProduct Load (0.0ms)[0m   [0;1mMysql::Error: Table 'shopping_development.products' doesn't exist: SELECT * FROM `products` [0m

ActiveRecord::StatementInvalid (Mysql::Error: Table 'shopping_development.products' doesn't exist: SELECT * FROM `products` ):
  app/controllers/products_controller.rb:5:in `index'
  -e:2:in `load'
  -e:2

Rendered rescues/_trace (281.0ms)
Rendered rescues/_request_and_response (0.0ms)
Rendering rescues/layout (internal_server_error)
  [4;36;1mSQL (0.0ms)[0m   [0;1mSET NAMES 'utf8'[0m
  [4;35;1mSQL (0.0ms)[0m   [0mSET SQL_AUTO_IS_NULL=0[0m
  [4;36;1mSQL (0.0ms)[0m   [0;1mSHOW TABLES[0m
  [4;35;1mSQL (0.0ms)[0m   [0mSELECT version FROM schema_migrations[0m
Migrating to CreateProducts (20100722045600)
  [4;36;1mSQL (78.0ms)[0m   [0;1mCREATE TABLE `products` (`id` int(11) DEFAULT NULL auto_increment PRIMARY KEY, `title` varchar(255), `description` text, `image_url` varchar(255), `price` decimal, `created_at` datetime, `updated_at` datetime) ENGINE=InnoDB[0m
  [4;35;1mSQL (31.0ms)[0m   [0mINSERT INTO schema_migrations (version) VALUES ('20100722045600')[0m
  [4;36;1mSQL (15.0ms)[0m   [0;1mSHOW TABLES[0m
  [4;35;1mSQL (0.0ms)[0m   [0mSELECT version FROM schema_migrations[0m
  [4;36;1mSQL (0.0ms)[0m   [0;1mSHOW TABLES[0m
  [4;35;1mSQL (32.0ms)[0m   [0mSHOW FIELDS FROM `products`[0m
  [4;36;1mSQL (78.0ms)[0m   [0;1mdescribe `products`[0m
  [4;35;1mSQL (15.0ms)[0m   [0mSHOW KEYS FROM `products`[0m
  [4;36;1mSQL (0.0ms)[0m   [0;1mSET NAMES 'utf8'[0m
  [4;35;1mSQL (0.0ms)[0m   [0mSET SQL_AUTO_IS_NULL=0[0m
  [4;36;1mSQL (0.0ms)[0m   [0;1mSHOW TABLES[0m
  [4;35;1mSQL (0.0ms)[0m   [0mSELECT version FROM schema_migrations[0m
Migrating to CreateProducts (20100722045600)
  [4;36;1mSQL (15.0ms)[0m   [0;1mSHOW TABLES[0m
  [4;35;1mSQL (0.0ms)[0m   [0mSELECT version FROM schema_migrations[0m
  [4;36;1mSQL (0.0ms)[0m   [0;1mSHOW TABLES[0m
  [4;35;1mSQL (16.0ms)[0m   [0mSHOW FIELDS FROM `products`[0m
  [4;36;1mSQL (15.0ms)[0m   [0;1mdescribe `products`[0m
  [4;35;1mSQL (0.0ms)[0m   [0mSHOW KEYS FROM `products`[0m
  [4;35;1mSQL (0.0ms)[0m   [0mSET NAMES 'utf8'[0m
  [4;36;1mSQL (0.0ms)[0m   [0;1mSET SQL_AUTO_IS_NULL=0[0m


Processing ProductsController#index (for 127.0.0.1 at 2010-07-22 01:59:11) [GET]
  [4;35;1mProduct Load (0.0ms)[0m   [0mSELECT * FROM `products` [0m
Rendering template within layouts/products
Rendering products/index
Completed in 2297ms (View: 2266, DB: 0) | 200 OK [http://127.0.0.1/products]
  [4;36;1mSQL (0.0ms)[0m   [0;1mSET NAMES 'utf8'[0m
  [4;35;1mSQL (0.0ms)[0m   [0mSET SQL_AUTO_IS_NULL=0[0m


Processing ProductsController#new (for 127.0.0.1 at 2010-07-22 01:59:20) [GET]
  [4;36;1mProduct Columns (15.0ms)[0m   [0;1mSHOW FIELDS FROM `products`[0m
Rendering template within layouts/products
Rendering products/new
Completed in 266ms (View: 235, DB: 15) | 200 OK [http://127.0.0.1/products/new]
  [4;36;1mSQL (0.0ms)[0m   [0;1mSET NAMES 'utf8'[0m
  [4;35;1mSQL (0.0ms)[0m   [0mSET SQL_AUTO_IS_NULL=0[0m
  [4;36;1mSQL (0.0ms)[0m   [0;1mSHOW TABLES[0m
  [4;35;1mSQL (0.0ms)[0m   [0mSELECT version FROM schema_migrations[0m
Migrating to CreateProducts (20100722045600)
  [4;36;1mSQL (0.0ms)[0m   [0;1mSHOW TABLES[0m
  [4;35;1mSQL (0.0ms)[0m   [0mSELECT version FROM schema_migrations[0m
  [4;36;1mSQL (16.0ms)[0m   [0;1mSHOW TABLES[0m
  [4;35;1mSQL (0.0ms)[0m   [0mSHOW FIELDS FROM `products`[0m
  [4;36;1mSQL (16.0ms)[0m   [0;1mdescribe `products`[0m
  [4;35;1mSQL (0.0ms)[0m   [0mSHOW KEYS FROM `products`[0m
  [4;36;1mSQL (0.0ms)[0m   [0;1mSET NAMES 'utf8'[0m
  [4;35;1mSQL (0.0ms)[0m   [0mSET SQL_AUTO_IS_NULL=0[0m
  [4;36;1mSQL (16.0ms)[0m   [0;1mSHOW TABLES[0m
  [4;35;1mSQL (0.0ms)[0m   [0mSELECT version FROM schema_migrations[0m
Migrating to CreateProducts (20100722045600)
  [4;36;1mSQL (0.0ms)[0m   [0;1mSHOW TABLES[0m
  [4;35;1mSQL (0.0ms)[0m   [0mSELECT version FROM schema_migrations[0m
  [4;36;1mSQL (16.0ms)[0m   [0;1mSHOW TABLES[0m
  [4;35;1mSQL (0.0ms)[0m   [0mSHOW FIELDS FROM `products`[0m
  [4;36;1mSQL (62.0ms)[0m   [0;1mdescribe `products`[0m
  [4;35;1mSQL (0.0ms)[0m   [0mSHOW KEYS FROM `products`[0m
  [4;35;1mSQL (0.0ms)[0m   [0mSET NAMES 'utf8'[0m
  [4;36;1mSQL (0.0ms)[0m   [0;1mSET SQL_AUTO_IS_NULL=0[0m


Processing ProductsController#create (for 127.0.0.1 at 2010-07-22 02:00:00) [POST]
  Parameters: {"commit"=>"Create", "authenticity_token"=>"u8MajX6YMlUw3iXqVzhuRWYceKaPo9jLMpuRQk1/+r8=", "product"=>{"image_url"=>"Imagen", "price"=>"1230,50", "title"=>"Cama", "description"=>"Descripción de la cama"}}
  [4;35;1mProduct Columns (16.0ms)[0m   [0mSHOW FIELDS FROM `products`[0m
  [4;36;1mSQL (0.0ms)[0m   [0;1mBEGIN[0m
  [4;35;1mProduct Create (0.0ms)[0m   [0mINSERT INTO `products` (`image_url`, `updated_at`, `title`, `price`, `description`, `created_at`) VALUES('Imagen', '2010-07-22 05:00:00', 'Cama', 1230, 'Descripción de la cama', '2010-07-22 05:00:00')[0m
  [4;36;1mSQL (16.0ms)[0m   [0;1mCOMMIT[0m
Redirected to http://127.0.0.1:3005/products/1
Completed in 78ms (DB: 32) | 302 Found [http://127.0.0.1/products]
  [4;35;1mSQL (0.0ms)[0m   [0mSET NAMES 'utf8'[0m
  [4;36;1mSQL (0.0ms)[0m   [0;1mSET SQL_AUTO_IS_NULL=0[0m


Processing ProductsController#show (for 127.0.0.1 at 2010-07-22 02:00:00) [GET]
  Parameters: {"id"=>"1"}
  [4;35;1mProduct Columns (0.0ms)[0m   [0mSHOW FIELDS FROM `products`[0m
  [4;36;1mProduct Load (0.0ms)[0m   [0;1mSELECT * FROM `products` WHERE (`products`.`id` = 1) [0m
Rendering template within layouts/products
Rendering products/show
Completed in 218ms (View: 172, DB: 0) | 200 OK [http://127.0.0.1/products/1]
  [4;35;1mSQL (0.0ms)[0m   [0mSET NAMES 'utf8'[0m
  [4;36;1mSQL (0.0ms)[0m   [0;1mSET SQL_AUTO_IS_NULL=0[0m


Processing ProductsController#edit (for 127.0.0.1 at 2010-07-22 02:00:05) [GET]
  Parameters: {"id"=>"1"}
  [4;35;1mProduct Columns (15.0ms)[0m   [0mSHOW FIELDS FROM `products`[0m
  [4;36;1mProduct Load (0.0ms)[0m   [0;1mSELECT * FROM `products` WHERE (`products`.`id` = 1) [0m
Rendering template within layouts/products
Rendering products/edit
Completed in 125ms (View: 79, DB: 15) | 200 OK [http://127.0.0.1/products/1/edit]
  [4;35;1mSQL (15.0ms)[0m   [0mSET NAMES 'utf8'[0m
  [4;36;1mSQL (0.0ms)[0m   [0;1mSET SQL_AUTO_IS_NULL=0[0m


Processing ProductsController#update (for 127.0.0.1 at 2010-07-22 02:00:09) [PUT]
  Parameters: {"commit"=>"Update", "authenticity_token"=>"u8MajX6YMlUw3iXqVzhuRWYceKaPo9jLMpuRQk1/+r8=", "product"=>{"image_url"=>"Imagen", "price"=>"1230", "title"=>"Cama", "description"=>"Descripción de la cama jo jo"}, "id"=>"1"}
  [4;35;1mProduct Columns (15.0ms)[0m   [0mSHOW FIELDS FROM `products`[0m
  [4;36;1mProduct Load (0.0ms)[0m   [0;1mSELECT * FROM `products` WHERE (`products`.`id` = 1) [0m
  [4;35;1mSQL (0.0ms)[0m   [0mBEGIN[0m
  [4;36;1mProduct Update (0.0ms)[0m   [0;1mUPDATE `products` SET `description` = 'Descripción de la cama jo jo', `updated_at` = '2010-07-22 05:00:09' WHERE `id` = 1[0m
  [4;35;1mSQL (0.0ms)[0m   [0mCOMMIT[0m
Redirected to http://127.0.0.1:3005/products/1
Completed in 62ms (DB: 30) | 302 Found [http://127.0.0.1/products/1]
  [4;36;1mSQL (0.0ms)[0m   [0;1mSET NAMES 'utf8'[0m
  [4;35;1mSQL (0.0ms)[0m   [0mSET SQL_AUTO_IS_NULL=0[0m


Processing ProductsController#show (for 127.0.0.1 at 2010-07-22 02:00:10) [GET]
  Parameters: {"id"=>"1"}
  [4;36;1mProduct Columns (16.0ms)[0m   [0;1mSHOW FIELDS FROM `products`[0m
  [4;35;1mProduct Load (0.0ms)[0m   [0mSELECT * FROM `products` WHERE (`products`.`id` = 1) [0m
Rendering template within layouts/products
Rendering products/show
Completed in 47ms (View: 16, DB: 16) | 200 OK [http://127.0.0.1/products/1]
  [4;36;1mSQL (0.0ms)[0m   [0;1mSET NAMES 'utf8'[0m
  [4;35;1mSQL (0.0ms)[0m   [0mSET SQL_AUTO_IS_NULL=0[0m


Processing ProductsController#index (for 127.0.0.1 at 2010-07-22 02:00:12) [GET]
  [4;36;1mProduct Load (0.0ms)[0m   [0;1mSELECT * FROM `products` [0m
Rendering template within layouts/products
Rendering products/index
  [4;35;1mProduct Columns (15.0ms)[0m   [0mSHOW FIELDS FROM `products`[0m
Completed in 78ms (View: 32, DB: 15) | 200 OK [http://127.0.0.1/products]
  [4;36;1mSQL (0.0ms)[0m   [0;1mSET NAMES 'utf8'[0m
  [4;35;1mSQL (0.0ms)[0m   [0mSET SQL_AUTO_IS_NULL=0[0m


Processing ProductsController#edit (for 127.0.0.1 at 2010-07-22 02:04:55) [GET]
  Parameters: {"id"=>"1"}
  [4;36;1mProduct Columns (0.0ms)[0m   [0;1mSHOW FIELDS FROM `products`[0m
  [4;35;1mProduct Load (15.0ms)[0m   [0mSELECT * FROM `products` WHERE (`products`.`id` = 1) [0m
Rendering template within layouts/products
Rendering products/edit
Completed in 125ms (View: 31, DB: 15) | 200 OK [http://127.0.0.1/products/1/edit]
  [4;36;1mSQL (0.0ms)[0m   [0;1mSET NAMES 'utf8'[0m
  [4;35;1mSQL (0.0ms)[0m   [0mSET SQL_AUTO_IS_NULL=0[0m


Processing ProductsController#update (for 127.0.0.1 at 2010-07-22 02:05:03) [PUT]
  Parameters: {"commit"=>"Update", "authenticity_token"=>"u8MajX6YMlUw3iXqVzhuRWYceKaPo9jLMpuRQk1/+r8=", "product"=>{"image_url"=>"Imagen", "price"=>"", "title"=>"Cama", "description"=>"Descripción de la cama jo jo"}, "id"=>"1"}
  [4;36;1mProduct Columns (0.0ms)[0m   [0;1mSHOW FIELDS FROM `products`[0m
  [4;35;1mProduct Load (0.0ms)[0m   [0mSELECT * FROM `products` WHERE (`products`.`id` = 1) [0m
  [4;36;1mSQL (0.0ms)[0m   [0;1mBEGIN[0m
  [4;35;1mSQL (0.0ms)[0m   [0mROLLBACK[0m
Rendering template within layouts/products
Rendering products/edit
Completed in 94ms (View: 47, DB: 0) | 200 OK [http://127.0.0.1/products/1]
  [4;36;1mSQL (0.0ms)[0m   [0;1mSET NAMES 'utf8'[0m
  [4;35;1mSQL (0.0ms)[0m   [0mSET SQL_AUTO_IS_NULL=0[0m


Processing ProductsController#update (for 127.0.0.1 at 2010-07-22 02:05:10) [PUT]
  Parameters: {"commit"=>"Update", "authenticity_token"=>"u8MajX6YMlUw3iXqVzhuRWYceKaPo9jLMpuRQk1/+r8=", "product"=>{"image_url"=>"Imagen", "price"=>"1230,50", "title"=>"Cama", "description"=>"Descripción de la cama jo jo"}, "id"=>"1"}
  [4;36;1mProduct Columns (16.0ms)[0m   [0;1mSHOW FIELDS FROM `products`[0m
  [4;35;1mProduct Load (0.0ms)[0m   [0mSELECT * FROM `products` WHERE (`products`.`id` = 1) [0m
  [4;36;1mSQL (0.0ms)[0m   [0;1mBEGIN[0m
  [4;35;1mSQL (0.0ms)[0m   [0mROLLBACK[0m
Rendering template within layouts/products
Rendering products/edit
Completed in 94ms (View: 47, DB: 16) | 200 OK [http://127.0.0.1/products/1]
  [4;36;1mSQL (0.0ms)[0m   [0;1mSET NAMES 'utf8'[0m
  [4;35;1mSQL (0.0ms)[0m   [0mSET SQL_AUTO_IS_NULL=0[0m


Processing ProductsController#update (for 127.0.0.1 at 2010-07-22 02:05:19) [PUT]
  Parameters: {"commit"=>"Update", "authenticity_token"=>"u8MajX6YMlUw3iXqVzhuRWYceKaPo9jLMpuRQk1/+r8=", "product"=>{"image_url"=>"Imagen", "price"=>"1230.50", "title"=>"Cama", "description"=>"Descripción de la cama jo jo"}, "id"=>"1"}
  [4;36;1mProduct Columns (0.0ms)[0m   [0;1mSHOW FIELDS FROM `products`[0m
  [4;35;1mProduct Load (15.0ms)[0m   [0mSELECT * FROM `products` WHERE (`products`.`id` = 1) [0m
  [4;36;1mSQL (0.0ms)[0m   [0;1mBEGIN[0m
  [4;35;1mSQL (0.0ms)[0m   [0mCOMMIT[0m
Redirected to http://127.0.0.1:3005/products/1
Completed in 46ms (DB: 15) | 302 Found [http://127.0.0.1/products/1]
  [4;36;1mSQL (0.0ms)[0m   [0;1mSET NAMES 'utf8'[0m
  [4;35;1mSQL (0.0ms)[0m   [0mSET SQL_AUTO_IS_NULL=0[0m


Processing ProductsController#show (for 127.0.0.1 at 2010-07-22 02:05:19) [GET]
  Parameters: {"id"=>"1"}
  [4;36;1mProduct Columns (16.0ms)[0m   [0;1mSHOW FIELDS FROM `products`[0m
  [4;35;1mProduct Load (0.0ms)[0m   [0mSELECT * FROM `products` WHERE (`products`.`id` = 1) [0m
Rendering template within layouts/products
Rendering products/show
Completed in 78ms (View: 32, DB: 16) | 200 OK [http://127.0.0.1/products/1]
  [4;36;1mSQL (0.0ms)[0m   [0;1mSET NAMES 'utf8'[0m
  [4;35;1mSQL (0.0ms)[0m   [0mSET SQL_AUTO_IS_NULL=0[0m


Processing ProductsController#edit (for 127.0.0.1 at 2010-07-22 02:07:17) [GET]
  Parameters: {"id"=>"1"}
  [4;36;1mProduct Columns (16.0ms)[0m   [0;1mSHOW FIELDS FROM `products`[0m
  [4;35;1mProduct Load (16.0ms)[0m   [0mSELECT * FROM `products` WHERE (`products`.`id` = 1) [0m
Rendering template within layouts/products
Rendering products/edit
Completed in 141ms (View: 47, DB: 32) | 200 OK [http://127.0.0.1/products/1/edit]
  [4;36;1mSQL (0.0ms)[0m   [0;1mSET NAMES 'utf8'[0m
  [4;35;1mSQL (0.0ms)[0m   [0mSET SQL_AUTO_IS_NULL=0[0m


Processing ProductsController#update (for 127.0.0.1 at 2010-07-22 02:07:28) [PUT]
  Parameters: {"commit"=>"Update", "authenticity_token"=>"u8MajX6YMlUw3iXqVzhuRWYceKaPo9jLMpuRQk1/+r8=", "product"=>{"image_url"=>"Imagen", "price"=>"0.001", "title"=>"Cama", "description"=>"Descripción de la cama jo jo"}, "id"=>"1"}
  [4;36;1mProduct Columns (16.0ms)[0m   [0;1mSHOW FIELDS FROM `products`[0m
  [4;35;1mProduct Load (0.0ms)[0m   [0mSELECT * FROM `products` WHERE (`products`.`id` = 1) [0m
  [4;36;1mSQL (0.0ms)[0m   [0;1mBEGIN[0m
  [4;35;1mSQL (0.0ms)[0m   [0mROLLBACK[0m
Rendering template within layouts/products
Rendering products/edit
Completed in 93ms (View: 47, DB: 16) | 200 OK [http://127.0.0.1/products/1]
  [4;36;1mSQL (0.0ms)[0m   [0;1mSET NAMES 'utf8'[0m
  [4;35;1mSQL (0.0ms)[0m   [0mSET SQL_AUTO_IS_NULL=0[0m


Processing ProductsController#update (for 127.0.0.1 at 2010-07-22 02:07:37) [PUT]
  Parameters: {"commit"=>"Update", "authenticity_token"=>"u8MajX6YMlUw3iXqVzhuRWYceKaPo9jLMpuRQk1/+r8=", "product"=>{"image_url"=>"Imagen", "price"=>"0.02", "title"=>"Cama", "description"=>"Descripción de la cama jo jo"}, "id"=>"1"}
  [4;36;1mProduct Columns (0.0ms)[0m   [0;1mSHOW FIELDS FROM `products`[0m
  [4;35;1mProduct Load (0.0ms)[0m   [0mSELECT * FROM `products` WHERE (`products`.`id` = 1) [0m
  [4;36;1mSQL (0.0ms)[0m   [0;1mBEGIN[0m
  [4;35;1mSQL (0.0ms)[0m   [0mROLLBACK[0m
Rendering template within layouts/products
Rendering products/edit
Completed in 94ms (View: 47, DB: 0) | 200 OK [http://127.0.0.1/products/1]
  [4;36;1mSQL (0.0ms)[0m   [0;1mSET NAMES 'utf8'[0m
  [4;35;1mSQL (0.0ms)[0m   [0mSET SQL_AUTO_IS_NULL=0[0m


Processing ProductsController#update (for 127.0.0.1 at 2010-07-22 02:07:47) [PUT]
  Parameters: {"commit"=>"Update", "authenticity_token"=>"u8MajX6YMlUw3iXqVzhuRWYceKaPo9jLMpuRQk1/+r8=", "product"=>{"image_url"=>"Imagen", "price"=>"0.05", "title"=>"Cama", "description"=>"Descripción de la cama jo jo"}, "id"=>"1"}
  [4;36;1mProduct Columns (16.0ms)[0m   [0;1mSHOW FIELDS FROM `products`[0m
  [4;35;1mProduct Load (0.0ms)[0m   [0mSELECT * FROM `products` WHERE (`products`.`id` = 1) [0m
  [4;36;1mSQL (0.0ms)[0m   [0;1mBEGIN[0m
  [4;35;1mSQL (0.0ms)[0m   [0mROLLBACK[0m
Rendering template within layouts/products
Rendering products/edit
Completed in 94ms (View: 47, DB: 16) | 200 OK [http://127.0.0.1/products/1]
  [4;36;1mSQL (0.0ms)[0m   [0;1mSET NAMES 'utf8'[0m
  [4;35;1mSQL (0.0ms)[0m   [0mSET SQL_AUTO_IS_NULL=0[0m


Processing ProductsController#update (for 127.0.0.1 at 2010-07-22 02:07:55) [PUT]
  Parameters: {"commit"=>"Update", "authenticity_token"=>"u8MajX6YMlUw3iXqVzhuRWYceKaPo9jLMpuRQk1/+r8=", "product"=>{"image_url"=>"Imagen", "price"=>"0.2", "title"=>"Cama", "description"=>"Descripción de la cama jo jo"}, "id"=>"1"}
  [4;36;1mProduct Columns (0.0ms)[0m   [0;1mSHOW FIELDS FROM `products`[0m
  [4;35;1mProduct Load (16.0ms)[0m   [0mSELECT * FROM `products` WHERE (`products`.`id` = 1) [0m
  [4;36;1mSQL (0.0ms)[0m   [0;1mBEGIN[0m
  [4;35;1mSQL (0.0ms)[0m   [0mROLLBACK[0m
Rendering template within layouts/products
Rendering products/edit
Completed in 93ms (View: 31, DB: 16) | 200 OK [http://127.0.0.1/products/1]
  [4;36;1mSQL (0.0ms)[0m   [0;1mSET NAMES 'utf8'[0m
  [4;35;1mSQL (0.0ms)[0m   [0mSET SQL_AUTO_IS_NULL=0[0m


Processing ProductsController#update (for 127.0.0.1 at 2010-07-22 02:08:06) [PUT]
  Parameters: {"commit"=>"Update", "authenticity_token"=>"u8MajX6YMlUw3iXqVzhuRWYceKaPo9jLMpuRQk1/+r8=", "product"=>{"image_url"=>"Imagen", "price"=>"1,2", "title"=>"Cama", "description"=>"Descripción de la cama jo jo"}, "id"=>"1"}
  [4;36;1mProduct Columns (16.0ms)[0m   [0;1mSHOW FIELDS FROM `products`[0m
  [4;35;1mProduct Load (0.0ms)[0m   [0mSELECT * FROM `products` WHERE (`products`.`id` = 1) [0m
  [4;36;1mSQL (0.0ms)[0m   [0;1mBEGIN[0m
  [4;35;1mSQL (0.0ms)[0m   [0mROLLBACK[0m
Rendering template within layouts/products
Rendering products/edit
Completed in 93ms (View: 46, DB: 16) | 200 OK [http://127.0.0.1/products/1]
  [4;36;1mSQL (0.0ms)[0m   [0;1mSET NAMES 'utf8'[0m
  [4;35;1mSQL (0.0ms)[0m   [0mSET SQL_AUTO_IS_NULL=0[0m


Processing ProductsController#update (for 127.0.0.1 at 2010-07-22 02:08:14) [PUT]
  Parameters: {"commit"=>"Update", "authenticity_token"=>"u8MajX6YMlUw3iXqVzhuRWYceKaPo9jLMpuRQk1/+r8=", "product"=>{"image_url"=>"Imagen", "price"=>"11", "title"=>"Cama", "description"=>"Descripción de la cama jo jo"}, "id"=>"1"}
  [4;36;1mProduct Columns (16.0ms)[0m   [0;1mSHOW FIELDS FROM `products`[0m
  [4;35;1mProduct Load (15.0ms)[0m   [0mSELECT * FROM `products` WHERE (`products`.`id` = 1) [0m
  [4;36;1mSQL (0.0ms)[0m   [0;1mBEGIN[0m
  [4;35;1mProduct Update (16.0ms)[0m   [0mUPDATE `products` SET `price` = 11, `updated_at` = '2010-07-22 05:08:14' WHERE `id` = 1[0m
  [4;36;1mSQL (0.0ms)[0m   [0;1mCOMMIT[0m
Redirected to http://127.0.0.1:3005/products/1
Completed in 78ms (DB: 47) | 302 Found [http://127.0.0.1/products/1]
  [4;35;1mSQL (16.0ms)[0m   [0mSET NAMES 'utf8'[0m
  [4;36;1mSQL (0.0ms)[0m   [0;1mSET SQL_AUTO_IS_NULL=0[0m


Processing ProductsController#show (for 127.0.0.1 at 2010-07-22 02:08:14) [GET]
  Parameters: {"id"=>"1"}
  [4;35;1mProduct Columns (0.0ms)[0m   [0mSHOW FIELDS FROM `products`[0m
  [4;36;1mProduct Load (0.0ms)[0m   [0;1mSELECT * FROM `products` WHERE (`products`.`id` = 1) [0m
Rendering template within layouts/products
Rendering products/show
Completed in 46ms (View: 15, DB: 16) | 200 OK [http://127.0.0.1/products/1]
  [4;35;1mSQL (0.0ms)[0m   [0mSET NAMES 'utf8'[0m
  [4;36;1mSQL (0.0ms)[0m   [0;1mSET SQL_AUTO_IS_NULL=0[0m


Processing ProductsController#show (for 127.0.0.1 at 2010-07-22 02:09:31) [GET]
  Parameters: {"id"=>"1"}
  [4;35;1mProduct Columns (0.0ms)[0m   [0mSHOW FIELDS FROM `products`[0m
  [4;36;1mProduct Load (0.0ms)[0m   [0;1mSELECT * FROM `products` WHERE (`products`.`id` = 1) [0m
Rendering template within layouts/products
Rendering products/show
Completed in 93ms (View: 15, DB: 0) | 200 OK [http://127.0.0.1/products/1]
  [4;35;1mSQL (0.0ms)[0m   [0mSET NAMES 'utf8'[0m
  [4;36;1mSQL (0.0ms)[0m   [0;1mSET SQL_AUTO_IS_NULL=0[0m


Processing ProductsController#index (for 127.0.0.1 at 2010-07-23 10:30:35) [GET]
  [4;35;1mProduct Load (16.0ms)[0m   [0mSELECT * FROM `products` [0m
Rendering template within layouts/products
Rendering products/index
  [4;36;1mProduct Columns (16.0ms)[0m   [0;1mSHOW FIELDS FROM `products`[0m
Completed in 79ms (View: 0, DB: 32) | 200 OK [http://127.0.0.1/products/]
  [4;36;1mSQL (0.0ms)[0m   [0;1mSET NAMES 'utf8'[0m
  [4;35;1mSQL (0.0ms)[0m   [0mSET SQL_AUTO_IS_NULL=0[0m


Processing ProductsController#index (for 127.0.0.1 at 2010-07-31 13:14:39) [GET]
  [4;36;1mProduct Load (31.0ms)[0m   [0;1mSELECT * FROM `products` [0m
Rendering template within layouts/products
Rendering products/index
  [4;35;1mProduct Columns (15.0ms)[0m   [0mSHOW FIELDS FROM `products`[0m
Completed in 1125ms (View: 1064, DB: 46) | 200 OK [http://localhost/products]
  [4;36;1mSQL (0.0ms)[0m   [0;1mSET NAMES 'utf8'[0m
  [4;35;1mSQL (0.0ms)[0m   [0mSET SQL_AUTO_IS_NULL=0[0m


Processing ProductsController#new (for 127.0.0.1 at 2010-07-31 13:14:53) [GET]
  [4;36;1mProduct Columns (15.0ms)[0m   [0;1mSHOW FIELDS FROM `products`[0m
Rendering template within layouts/products
Rendering products/new
Completed in 172ms (View: 125, DB: 15) | 200 OK [http://localhost/products/new]
  [4;35;1mSQL (0.0ms)[0m   [0mSET NAMES 'utf8'[0m
  [4;36;1mSQL (0.0ms)[0m   [0;1mSET SQL_AUTO_IS_NULL=0[0m


Processing ProductsController#index (for 127.0.0.1 at 2010-07-31 13:14:57) [GET]
  [4;35;1mProduct Load (0.0ms)[0m   [0mSELECT * FROM `products` [0m
Rendering template within layouts/products
Rendering products/index
  [4;36;1mProduct Columns (16.0ms)[0m   [0;1mSHOW FIELDS FROM `products`[0m
Completed in 31ms (View: 0, DB: 16) | 200 OK [http://localhost/products]
  [4;36;1mSQL (578.0ms)[0m   [0;1mSET NAMES 'utf8'[0m
  [4;35;1mSQL (203.0ms)[0m   [0mSET SQL_AUTO_IS_NULL=0[0m


Processing ProductsController#new (for 127.0.0.1 at 2010-07-31 14:43:18) [GET]
  [4;36;1mProduct Columns (953.0ms)[0m   [0;1mSHOW FIELDS FROM `products`[0m
Rendering template within layouts/products
Rendering products/new
Completed in 1187ms (View: 234, DB: 1734) | 200 OK [http://localhost/products/new]
  [4;35;1mSQL (0.0ms)[0m   [0mSET NAMES 'utf8'[0m
  [4;36;1mSQL (0.0ms)[0m   [0;1mSET SQL_AUTO_IS_NULL=0[0m


Processing ProductsController#create (for 127.0.0.1 at 2010-07-31 14:43:54) [POST]
  Parameters: {"commit"=>"Create", "authenticity_token"=>"wHiEam0+1lDDtgenhiBuOfnjqhW5jkn7LKLt5A2ZPaA=", "product"=>{"image_url"=>"/images/mesa.jpg", "price"=>"0.001", "title"=>"Mesa 4 patas", "description"=>"Mesita preciosa con 4 patas"}}
  [4;35;1mProduct Columns (0.0ms)[0m   [0mSHOW FIELDS FROM `products`[0m
  [4;36;1mSQL (0.0ms)[0m   [0;1mBEGIN[0m
  [4;35;1mProduct Load (31.0ms)[0m   [0mSELECT `products`.id FROM `products` WHERE (`products`.`title` = BINARY 'Mesa 4 patas') LIMIT 1[0m
  [4;36;1mSQL (0.0ms)[0m   [0;1mROLLBACK[0m
Rendering template within layouts/products
Rendering products/new
Completed in 94ms (View: 31, DB: 31) | 200 OK [http://localhost/products]
  [4;35;1mSQL (0.0ms)[0m   [0mSET NAMES 'utf8'[0m
  [4;36;1mSQL (0.0ms)[0m   [0;1mSET SQL_AUTO_IS_NULL=0[0m


Processing ProductsController#create (for 127.0.0.1 at 2010-07-31 14:44:14) [POST]
  Parameters: {"commit"=>"Create", "authenticity_token"=>"wHiEam0+1lDDtgenhiBuOfnjqhW5jkn7LKLt5A2ZPaA=", "product"=>{"image_url"=>"/images/mesa.jpg", "price"=>"1050", "title"=>"Mesa 4 patas", "description"=>"Mesita preciosa con 4 patas"}}
  [4;35;1mProduct Columns (0.0ms)[0m   [0mSHOW FIELDS FROM `products`[0m
  [4;36;1mSQL (15.0ms)[0m   [0;1mBEGIN[0m
  [4;35;1mProduct Load (0.0ms)[0m   [0mSELECT `products`.id FROM `products` WHERE (`products`.`title` = BINARY 'Mesa 4 patas') LIMIT 1[0m
  [4;36;1mProduct Create (47.0ms)[0m   [0;1mINSERT INTO `products` (`image_url`, `updated_at`, `title`, `price`, `description`, `created_at`) VALUES('/images/mesa.jpg', '2010-07-31 17:44:15', 'Mesa 4 patas', 1050, 'Mesita preciosa con 4 patas', '2010-07-31 17:44:15')[0m
  [4;35;1mSQL (0.0ms)[0m   [0mCOMMIT[0m
Redirected to http://localhost:3004/products/2
Completed in 172ms (DB: 62) | 302 Found [http://localhost/products]
  [4;36;1mSQL (0.0ms)[0m   [0;1mSET NAMES 'utf8'[0m
  [4;35;1mSQL (0.0ms)[0m   [0mSET SQL_AUTO_IS_NULL=0[0m


Processing ProductsController#show (for 127.0.0.1 at 2010-07-31 14:44:15) [GET]
  Parameters: {"id"=>"2"}
  [4;36;1mProduct Columns (15.0ms)[0m   [0;1mSHOW FIELDS FROM `products`[0m
  [4;35;1mProduct Load (0.0ms)[0m   [0mSELECT * FROM `products` WHERE (`products`.`id` = 2) [0m
Rendering template within layouts/products
Rendering products/show
Completed in 47ms (View: 32, DB: 15) | 200 OK [http://localhost/products/2]
  [4;36;1mSQL (0.0ms)[0m   [0;1mSET NAMES 'utf8'[0m
  [4;35;1mSQL (0.0ms)[0m   [0mSET SQL_AUTO_IS_NULL=0[0m


Processing ProductsController#index (for 127.0.0.1 at 2010-07-31 14:44:18) [GET]
  [4;36;1mProduct Load (0.0ms)[0m   [0;1mSELECT * FROM `products` [0m
Rendering template within layouts/products
Rendering products/index
  [4;35;1mProduct Columns (16.0ms)[0m   [0mSHOW FIELDS FROM `products`[0m
Completed in 63ms (View: 31, DB: 16) | 200 OK [http://localhost/products]
  [4;36;1mSQL (0.0ms)[0m   [0;1mSET NAMES 'utf8'[0m
  [4;35;1mSQL (0.0ms)[0m   [0mSET SQL_AUTO_IS_NULL=0[0m
  [4;36;1mProduct Delete all (16.0ms)[0m   [0;1mDELETE FROM `products` [0m
  [4;35;1mProduct Columns (0.0ms)[0m   [0mSHOW FIELDS FROM `products`[0m
  [4;36;1mSQL (0.0ms)[0m   [0;1mBEGIN[0m
  [4;35;1mProduct Load (0.0ms)[0m   [0mSELECT `products`.id FROM `products` WHERE (`products`.`title` = BINARY 'Pragmatic Version Control') LIMIT 1[0m
  [4;36;1mProduct Create (0.0ms)[0m   [0;1mINSERT INTO `products` (`image_url`, `updated_at`, `title`, `price`, `description`, `created_at`) VALUES('/images/svn.jpg', '2010-07-31 18:31:58', 'Pragmatic Version Control', 28, '<p>\n This book is a recipe-based approach to using Subversion that will\n get you up and running quickly---and correctly. All projects need\n version control: it\'s a foundational piece of any project\' s\n infrastructure. Yet half of all project teams in the U.S. don\'t use\n any version control at all. Many others don\'t use it well, and end\n up experiencing time-consuming problems.\n </p>', '2010-07-31 18:31:58')[0m
  [4;35;1mSQL (0.0ms)[0m   [0mCOMMIT[0m
  [4;36;1mSQL (0.0ms)[0m   [0;1mBEGIN[0m
  [4;35;1mProduct Load (0.0ms)[0m   [0mSELECT `products`.id FROM `products` WHERE (`products`.`title` = BINARY 'Libro Ruby on Rails') LIMIT 1[0m
  [4;36;1mProduct Create (0.0ms)[0m   [0;1mINSERT INTO `products` (`image_url`, `updated_at`, `title`, `price`, `description`, `created_at`) VALUES('/images/libro.jpg', '2010-07-31 18:31:58', 'Libro Ruby on Rails', 48, '<p>\n This book is a recipe-based approach to using Subversion that will\n get you up and running quickly---and correctly. All projects need\n version control: it\'s a foundational piece of any project\' s\n infrastructure. Yet half of all project teams in the U.S. don\'t use\n any version control at all. Many others don\'t use it well, and end\n up experiencing time-consuming problems.\n </p>', '2010-07-31 18:31:58')[0m
  [4;35;1mSQL (0.0ms)[0m   [0mCOMMIT[0m
  [4;36;1mSQL (0.0ms)[0m   [0;1mBEGIN[0m
  [4;35;1mProduct Load (0.0ms)[0m   [0mSELECT `products`.id FROM `products` WHERE (`products`.`title` = BINARY 'Libro Ruby on Rails 2') LIMIT 1[0m
  [4;36;1mProduct Create (15.0ms)[0m   [0;1mINSERT INTO `products` (`image_url`, `updated_at`, `title`, `price`, `description`, `created_at`) VALUES('/images/libro2.jpg', '2010-07-31 18:31:58', 'Libro Ruby on Rails 2', 47, '<p>\n This book is a recipe-based approach to using Subversion that will\n get you up and running quickly---and correctly. All projects need\n version control: it\'s a foundational piece of any project\' s\n infrastructure. Yet half of all project teams in the U.S. don\'t use\n any version control at all. Many others don\'t use it well, and end\n up experiencing time-consuming problems.\n </p>', '2010-07-31 18:31:58')[0m
  [4;35;1mSQL (0.0ms)[0m   [0mCOMMIT[0m
  [4;36;1mSQL (0.0ms)[0m   [0;1mSET NAMES 'utf8'[0m
  [4;35;1mSQL (0.0ms)[0m   [0mSET SQL_AUTO_IS_NULL=0[0m


Processing ProductsController#index (for 127.0.0.1 at 2010-07-31 15:32:22) [GET]
  [4;36;1mProduct Load (0.0ms)[0m   [0;1mSELECT * FROM `products` [0m
Rendering template within layouts/products
Rendering products/index
  [4;35;1mProduct Columns (15.0ms)[0m   [0mSHOW FIELDS FROM `products`[0m
Completed in 47ms (View: 16, DB: 15) | 200 OK [http://localhost/products]
  [4;36;1mSQL (0.0ms)[0m   [0;1mSET NAMES 'utf8'[0m
  [4;35;1mSQL (0.0ms)[0m   [0mSET SQL_AUTO_IS_NULL=0[0m


Processing ProductsController#index (for 127.0.0.1 at 2010-07-31 15:37:32) [GET]
  [4;36;1mProduct Load (0.0ms)[0m   [0;1mSELECT * FROM `products` [0m
Rendering template within layouts/products
Rendering products/index
  [4;35;1mProduct Columns (0.0ms)[0m   [0mSHOW FIELDS FROM `products`[0m
Completed in 63ms (View: 47, DB: 0) | 200 OK [http://localhost/products]
  [4;36;1mSQL (0.0ms)[0m   [0;1mSET NAMES 'utf8'[0m
  [4;35;1mSQL (0.0ms)[0m   [0mSET SQL_AUTO_IS_NULL=0[0m


Processing ApplicationController#index (for 127.0.0.1 at 2010-07-31 15:37:32) [GET]

ActionController::RoutingError (No route matches "/images/svn.jpg" with {:method=>:get}):
  -e:2:in `load'
  -e:2

Rendering rescues/layout (not_found)
  [4;36;1mSQL (0.0ms)[0m   [0;1mSET NAMES 'utf8'[0m
  [4;35;1mSQL (0.0ms)[0m   [0mSET SQL_AUTO_IS_NULL=0[0m


Processing ApplicationController#index (for 127.0.0.1 at 2010-07-31 15:37:33) [GET]

ActionController::RoutingError (No route matches "/images/libro2.jpg" with {:method=>:get}):
  -e:2:in `load'
  -e:2

Rendering rescues/layout (not_found)
  [4;36;1mSQL (0.0ms)[0m   [0;1mSET NAMES 'utf8'[0m
  [4;35;1mSQL (0.0ms)[0m   [0mSET SQL_AUTO_IS_NULL=0[0m


Processing ApplicationController#index (for 127.0.0.1 at 2010-07-31 15:37:33) [GET]

ActionController::RoutingError (No route matches "/images/libro.jpg" with {:method=>:get}):
  -e:2:in `load'
  -e:2

Rendering rescues/layout (not_found)
  [4;36;1mSQL (0.0ms)[0m   [0;1mSET NAMES 'utf8'[0m
  [4;35;1mSQL (0.0ms)[0m   [0mSET SQL_AUTO_IS_NULL=0[0m


Processing ProductsController#index (for 127.0.0.1 at 2010-07-31 15:38:41) [GET]
  [4;36;1mProduct Load (0.0ms)[0m   [0;1mSELECT * FROM `products` [0m
Rendering template within layouts/products
Rendering products/index
  [4;35;1mProduct Columns (16.0ms)[0m   [0mSHOW FIELDS FROM `products`[0m
Completed in 62ms (View: 46, DB: 16) | 200 OK [http://localhost/products]
  [4;36;1mSQL (0.0ms)[0m   [0;1mSET NAMES 'utf8'[0m
  [4;35;1mSQL (0.0ms)[0m   [0mSET SQL_AUTO_IS_NULL=0[0m


Processing ApplicationController#index (for 127.0.0.1 at 2010-07-31 15:38:41) [GET]

ActionController::RoutingError (No route matches "/images/svn.jpg" with {:method=>:get}):
  -e:2:in `load'
  -e:2

Rendering rescues/layout (not_found)
  [4;36;1mSQL (0.0ms)[0m   [0;1mSET NAMES 'utf8'[0m
  [4;35;1mSQL (0.0ms)[0m   [0mSET SQL_AUTO_IS_NULL=0[0m


Processing ApplicationController#index (for 127.0.0.1 at 2010-07-31 15:38:41) [GET]

ActionController::RoutingError (No route matches "/images/libro.jpg" with {:method=>:get}):
  -e:2:in `load'
  -e:2

Rendering rescues/layout (not_found)
  [4;36;1mSQL (0.0ms)[0m   [0;1mSET NAMES 'utf8'[0m
  [4;35;1mSQL (0.0ms)[0m   [0mSET SQL_AUTO_IS_NULL=0[0m


Processing ApplicationController#index (for 127.0.0.1 at 2010-07-31 15:38:42) [GET]

ActionController::RoutingError (No route matches "/stylesheets/depot.css" with {:method=>:get}):
  -e:2:in `load'
  -e:2

Rendering rescues/layout (not_found)
  [4;36;1mSQL (0.0ms)[0m   [0;1mSET NAMES 'utf8'[0m
  [4;35;1mSQL (0.0ms)[0m   [0mSET SQL_AUTO_IS_NULL=0[0m


Processing ApplicationController#index (for 127.0.0.1 at 2010-07-31 15:38:42) [GET]

ActionController::RoutingError (No route matches "/images/libro2.jpg" with {:method=>:get}):
  -e:2:in `load'
  -e:2

Rendering rescues/layout (not_found)
  [4;36;1mSQL (0.0ms)[0m   [0;1mSET NAMES 'utf8'[0m
  [4;35;1mSQL (0.0ms)[0m   [0mSET SQL_AUTO_IS_NULL=0[0m


Processing ProductsController#index (for 127.0.0.1 at 2010-07-31 15:40:36) [GET]
  [4;36;1mProduct Load (0.0ms)[0m   [0;1mSELECT * FROM `products` [0m
Rendering template within layouts/products
Rendering products/index
  [4;35;1mProduct Columns (31.0ms)[0m   [0mSHOW FIELDS FROM `products`[0m
Completed in 63ms (View: 16, DB: 31) | 200 OK [http://localhost/products]
  [4;36;1mSQL (0.0ms)[0m   [0;1mSET NAMES 'utf8'[0m
  [4;35;1mSQL (0.0ms)[0m   [0mSET SQL_AUTO_IS_NULL=0[0m


Processing ApplicationController#index (for 127.0.0.1 at 2010-07-31 15:40:36) [GET]

ActionController::RoutingError (No route matches "/images/svn.jpg" with {:method=>:get}):
  -e:2:in `load'
  -e:2

Rendering rescues/layout (not_found)
  [4;36;1mSQL (0.0ms)[0m   [0;1mSET NAMES 'utf8'[0m
  [4;35;1mSQL (0.0ms)[0m   [0mSET SQL_AUTO_IS_NULL=0[0m


Processing ApplicationController#index (for 127.0.0.1 at 2010-07-31 15:40:36) [GET]

ActionController::RoutingError (No route matches "/images/libro2.jpg" with {:method=>:get}):
  -e:2:in `load'
  -e:2

Rendering rescues/layout (not_found)
  [4;36;1mSQL (0.0ms)[0m   [0;1mSET NAMES 'utf8'[0m
  [4;35;1mSQL (0.0ms)[0m   [0mSET SQL_AUTO_IS_NULL=0[0m


Processing ApplicationController#index (for 127.0.0.1 at 2010-07-31 15:40:36) [GET]

ActionController::RoutingError (No route matches "/images/libro.jpg" with {:method=>:get}):
  -e:2:in `load'
  -e:2

Rendering rescues/layout (not_found)
  [4;36;1mSQL (0.0ms)[0m   [0;1mSET NAMES 'utf8'[0m
  [4;35;1mSQL (0.0ms)[0m   [0mSET SQL_AUTO_IS_NULL=0[0m


Processing ProductsController#index (for 127.0.0.1 at 2010-07-31 15:47:14) [GET]
  [4;36;1mProduct Load (0.0ms)[0m   [0;1mSELECT * FROM `products` [0m
Rendering template within layouts/products
Rendering products/index
  [4;35;1mProduct Columns (0.0ms)[0m   [0mSHOW FIELDS FROM `products`[0m
Completed in 156ms (View: 109, DB: 0) | 200 OK [http://localhost/products]
  [4;36;1mSQL (0.0ms)[0m   [0;1mSET NAMES 'utf8'[0m
  [4;35;1mSQL (0.0ms)[0m   [0mSET SQL_AUTO_IS_NULL=0[0m


Processing ApplicationController#index (for 127.0.0.1 at 2010-07-31 15:47:15) [GET]

ActionController::RoutingError (No route matches "/images/libro2.jpg" with {:method=>:get}):
  -e:2:in `load'
  -e:2

Rendering rescues/layout (not_found)
  [4;36;1mSQL (0.0ms)[0m   [0;1mSET NAMES 'utf8'[0m
  [4;35;1mSQL (0.0ms)[0m   [0mSET SQL_AUTO_IS_NULL=0[0m


Processing ApplicationController#index (for 127.0.0.1 at 2010-07-31 15:47:15) [GET]

ActionController::RoutingError (No route matches "/images/libro.jpg" with {:method=>:get}):
  -e:2:in `load'
  -e:2

Rendering rescues/layout (not_found)
  [4;36;1mSQL (0.0ms)[0m   [0;1mSET NAMES 'utf8'[0m
  [4;35;1mSQL (0.0ms)[0m   [0mSET SQL_AUTO_IS_NULL=0[0m


Processing ProductsController#edit (for 127.0.0.1 at 2010-07-31 15:49:08) [GET]
  Parameters: {"id"=>"4"}
  [4;36;1mProduct Columns (16.0ms)[0m   [0;1mSHOW FIELDS FROM `products`[0m
  [4;35;1mProduct Load (0.0ms)[0m   [0mSELECT * FROM `products` WHERE (`products`.`id` = 4) [0m
Rendering template within layouts/products
Rendering products/edit
Completed in 110ms (View: 94, DB: 16) | 200 OK [http://localhost/products/4/edit]
  [4;36;1mSQL (0.0ms)[0m   [0;1mSET NAMES 'utf8'[0m
  [4;35;1mSQL (0.0ms)[0m   [0mSET SQL_AUTO_IS_NULL=0[0m


Processing ProductsController#update (for 127.0.0.1 at 2010-07-31 15:49:19) [PUT]
  Parameters: {"commit"=>"Update", "authenticity_token"=>"wHiEam0+1lDDtgenhiBuOfnjqhW5jkn7LKLt5A2ZPaA=", "product"=>{"image_url"=>"/images/rails.png", "price"=>"48", "title"=>"Libro Ruby on Rails", "description"=>"<p>\r\n                                  This book is a recipe-based approach to using Subversion that will\r\n                                  get you up and running quickly---and correctly. All projects need\r\n                                  version control: it's a foundational piece of any project' s\r\n                                  infrastructure. Yet half of all project teams in the U.S. don't use\r\n                                  any version control at all. Many others don't use it well, and end\r\n                                  up experiencing time-consuming problems.\r\n                              </p>"}, "id"=>"4"}
  [4;36;1mProduct Columns (0.0ms)[0m   [0;1mSHOW FIELDS FROM `products`[0m
  [4;35;1mProduct Load (16.0ms)[0m   [0mSELECT * FROM `products` WHERE (`products`.`id` = 4) [0m
  [4;36;1mSQL (0.0ms)[0m   [0;1mBEGIN[0m
  [4;35;1mProduct Load (31.0ms)[0m   [0mSELECT `products`.id FROM `products` WHERE (`products`.`title` = BINARY 'Libro Ruby on Rails' AND `products`.id <> 4) LIMIT 1[0m
  [4;36;1mProduct Update (0.0ms)[0m   [0;1mUPDATE `products` SET `description` = '<p>\r\n This book is a recipe-based approach to using Subversion that will\r\n get you up and running quickly---and correctly. All projects need\r\n version control: it\'s a foundational piece of any project\' s\r\n infrastructure. Yet half of all project teams in the U.S. don\'t use\r\n any version control at all. Many others don\'t use it well, and end\r\n up experiencing time-consuming problems.\r\n </p>', `updated_at` = '2010-07-31 18:49:19', `image_url` = '/images/rails.png' WHERE `id` = 4[0m
  [4;35;1mSQL (0.0ms)[0m   [0mCOMMIT[0m
Redirected to http://localhost:3004/products/4
Completed in 62ms (DB: 47) | 302 Found [http://localhost/products/4]
  [4;36;1mSQL (0.0ms)[0m   [0;1mSET NAMES 'utf8'[0m
  [4;35;1mSQL (0.0ms)[0m   [0mSET SQL_AUTO_IS_NULL=0[0m


Processing ProductsController#show (for 127.0.0.1 at 2010-07-31 15:49:19) [GET]
  Parameters: {"id"=>"4"}
  [4;36;1mProduct Columns (16.0ms)[0m   [0;1mSHOW FIELDS FROM `products`[0m
  [4;35;1mProduct Load (0.0ms)[0m   [0mSELECT * FROM `products` WHERE (`products`.`id` = 4) [0m
Rendering template within layouts/products
Rendering products/show
Completed in 46ms (View: 15, DB: 16) | 200 OK [http://localhost/products/4]
  [4;36;1mSQL (0.0ms)[0m   [0;1mSET NAMES 'utf8'[0m
  [4;35;1mSQL (0.0ms)[0m   [0mSET SQL_AUTO_IS_NULL=0[0m


Processing ProductsController#index (for 127.0.0.1 at 2010-07-31 15:49:25) [GET]
  [4;36;1mProduct Load (0.0ms)[0m   [0;1mSELECT * FROM `products` [0m
Rendering template within layouts/products
Rendering products/index
  [4;35;1mProduct Columns (15.0ms)[0m   [0mSHOW FIELDS FROM `products`[0m
Completed in 47ms (View: 16, DB: 15) | 200 OK [http://localhost/products]
  [4;36;1mSQL (0.0ms)[0m   [0;1mSET NAMES 'utf8'[0m
  [4;35;1mSQL (0.0ms)[0m   [0mSET SQL_AUTO_IS_NULL=0[0m


Processing ApplicationController#index (for 127.0.0.1 at 2010-07-31 15:49:25) [GET]

ActionController::RoutingError (No route matches "/images/libro2.jpg" with {:method=>:get}):
  -e:2:in `load'
  -e:2

Rendering rescues/layout (not_found)
  [4;36;1mSQL (0.0ms)[0m   [0;1mSET NAMES 'utf8'[0m
  [4;35;1mSQL (0.0ms)[0m   [0mSET SQL_AUTO_IS_NULL=0[0m


Processing ProductsController#edit (for 127.0.0.1 at 2010-07-31 15:49:31) [GET]
  Parameters: {"id"=>"5"}
  [4;36;1mProduct Columns (16.0ms)[0m   [0;1mSHOW FIELDS FROM `products`[0m
  [4;35;1mProduct Load (0.0ms)[0m   [0mSELECT * FROM `products` WHERE (`products`.`id` = 5) [0m
Rendering template within layouts/products
Rendering products/edit
Completed in 47ms (View: 31, DB: 16) | 200 OK [http://localhost/products/5/edit]
  [4;36;1mSQL (0.0ms)[0m   [0;1mSET NAMES 'utf8'[0m
  [4;35;1mSQL (0.0ms)[0m   [0mSET SQL_AUTO_IS_NULL=0[0m


Processing ProductsController#update (for 127.0.0.1 at 2010-07-31 15:49:39) [PUT]
  Parameters: {"commit"=>"Update", "authenticity_token"=>"wHiEam0+1lDDtgenhiBuOfnjqhW5jkn7LKLt5A2ZPaA=", "product"=>{"image_url"=>"/images/rails.png", "price"=>"47", "title"=>"Libro Ruby on Rails 2", "description"=>"<p>\r\n                                  This book is a recipe-based approach to using Subversion that will\r\n                                  get you up and running quickly---and correctly. All projects need\r\n                                  version control: it's a foundational piece of any project' s\r\n                                  infrastructure. Yet half of all project teams in the U.S. don't use\r\n                                  any version control at all. Many others don't use it well, and end\r\n                                  up experiencing time-consuming problems.\r\n                              </p>"}, "id"=>"5"}
  [4;36;1mProduct Columns (0.0ms)[0m   [0;1mSHOW FIELDS FROM `products`[0m
  [4;35;1mProduct Load (0.0ms)[0m   [0mSELECT * FROM `products` WHERE (`products`.`id` = 5) [0m
  [4;36;1mSQL (0.0ms)[0m   [0;1mBEGIN[0m
  [4;35;1mProduct Load (0.0ms)[0m   [0mSELECT `products`.id FROM `products` WHERE (`products`.`title` = BINARY 'Libro Ruby on Rails 2' AND `products`.id <> 5) LIMIT 1[0m
  [4;36;1mProduct Update (0.0ms)[0m   [0;1mUPDATE `products` SET `description` = '<p>\r\n This book is a recipe-based approach to using Subversion that will\r\n get you up and running quickly---and correctly. All projects need\r\n version control: it\'s a foundational piece of any project\' s\r\n infrastructure. Yet half of all project teams in the U.S. don\'t use\r\n any version control at all. Many others don\'t use it well, and end\r\n up experiencing time-consuming problems.\r\n </p>', `updated_at` = '2010-07-31 18:49:39', `image_url` = '/images/rails.png' WHERE `id` = 5[0m
  [4;35;1mSQL (0.0ms)[0m   [0mCOMMIT[0m
Redirected to http://localhost:3004/products/5
Completed in 47ms (DB: 0) | 302 Found [http://localhost/products/5]
  [4;36;1mSQL (0.0ms)[0m   [0;1mSET NAMES 'utf8'[0m
  [4;35;1mSQL (0.0ms)[0m   [0mSET SQL_AUTO_IS_NULL=0[0m


Processing ProductsController#show (for 127.0.0.1 at 2010-07-31 15:49:39) [GET]
  Parameters: {"id"=>"5"}
  [4;36;1mProduct Columns (16.0ms)[0m   [0;1mSHOW FIELDS FROM `products`[0m
  [4;35;1mProduct Load (0.0ms)[0m   [0mSELECT * FROM `products` WHERE (`products`.`id` = 5) [0m
Rendering template within layouts/products
Rendering products/show
Completed in 46ms (View: 15, DB: 16) | 200 OK [http://localhost/products/5]
  [4;36;1mSQL (0.0ms)[0m   [0;1mSET NAMES 'utf8'[0m
  [4;35;1mSQL (0.0ms)[0m   [0mSET SQL_AUTO_IS_NULL=0[0m


Processing ProductsController#index (for 127.0.0.1 at 2010-07-31 15:49:41) [GET]
  [4;36;1mProduct Load (0.0ms)[0m   [0;1mSELECT * FROM `products` [0m
Rendering template within layouts/products
Rendering products/index
  [4;35;1mProduct Columns (15.0ms)[0m   [0mSHOW FIELDS FROM `products`[0m
Completed in 47ms (View: 16, DB: 15) | 200 OK [http://localhost/products]
  [4;36;1mSQL (0.0ms)[0m   [0;1mSET NAMES 'utf8'[0m
  [4;35;1mSQL (0.0ms)[0m   [0mSET SQL_AUTO_IS_NULL=0[0m


Processing ProductsController#new (for 127.0.0.1 at 2010-07-31 19:59:43) [GET]
  [4;36;1mProduct Columns (16.0ms)[0m   [0;1mSHOW FIELDS FROM `products`[0m
Rendering template within layouts/products
Rendering products/new
Completed in 125ms (View: 78, DB: 16) | 200 OK [http://localhost/products/new]
  [4;35;1mSQL (15.0ms)[0m   [0mSET NAMES 'utf8'[0m
  [4;36;1mSQL (0.0ms)[0m   [0;1mSET SQL_AUTO_IS_NULL=0[0m


Processing ProductsController#new (for 127.0.0.1 at 2010-07-31 20:08:50) [GET]
  [4;35;1mProduct Columns (15.0ms)[0m   [0mSHOW FIELDS FROM `products`[0m
Rendering template within layouts/products
Rendering products/new
Completed in 62ms (View: 47, DB: 30) | 200 OK [http://localhost/products/new]
